2023-03-07 18:57:27.001 [info] Nivel de registro: Info
2023-03-07 18:57:27.002 [info] La validación encontró GIT en: “git“
2023-03-07 18:57:27.002 [info] Usando GIT “2.34.1” desde “git”
2023-03-07 18:57:27.002 [info] > git rev-parse --show-toplevel [37ms]
2023-03-07 18:57:27.002 [info] > git rev-parse --git-dir --git-common-dir [2ms]
2023-03-07 18:57:27.002 [info] Open repository: /home/gerardov7/Code/semana-1
2023-03-07 18:57:27.002 [info] > git rev-parse --show-toplevel [52ms]
2023-03-07 18:57:27.002 [info] > git config --get commit.template [22ms]
2023-03-07 18:57:27.002 [info] > git for-each-ref --format=%(refname)%00%(upstream:short)%00%(objectname)%00%(upstream:track)%00%(upstream:remotename)%00%(upstream:remoteref) refs/heads/main refs/remotes/main [108ms]
2023-03-07 18:57:27.002 [info] > git status -z -uall [12ms]
2023-03-07 18:57:27.002 [info] > git config --get commit.template [2ms]
2023-03-07 18:57:27.002 [info] > git for-each-ref --format=%(refname)%00%(upstream:short)%00%(objectname)%00%(upstream:track)%00%(upstream:remotename)%00%(upstream:remoteref) refs/heads/main refs/remotes/main [69ms]
2023-03-07 18:57:27.002 [info] > git status -z -uall [8ms]
2023-03-07 18:57:27.002 [info] > git check-ignore -v -z --stdin [29ms]
2023-03-07 18:57:58.154 [info] > git config --get commit.template [18ms]
2023-03-07 18:57:58.155 [info] > git for-each-ref --format=%(refname)%00%(upstream:short)%00%(objectname)%00%(upstream:track)%00%(upstream:remotename)%00%(upstream:remoteref) refs/heads/main refs/remotes/main [2ms]
2023-03-07 18:57:58.173 [info] > git status -z -uall [1ms]
2023-03-07 18:57:59.211 [info] > git check-ignore -v -z --stdin [1ms]
2023-03-07 18:58:14.458 [info] > git config --get commit.template [1ms]
2023-03-07 18:58:14.487 [info] > git for-each-ref --format=%(refname)%00%(upstream:short)%00%(objectname)%00%(upstream:track)%00%(upstream:remotename)%00%(upstream:remoteref) refs/heads/main refs/remotes/main [15ms]
2023-03-07 18:58:14.502 [info] > git check-ignore -v -z --stdin [16ms]
2023-03-07 18:58:14.504 [info] > git status -z -uall [3ms]
2023-03-07 18:58:19.211 [info] > git show --textconv :yayo-6125 [7ms]
2023-03-07 18:58:19.214 [info] > git ls-files --stage -- /home/gerardov7/Code/semana-1/yayo-6125 [4ms]
2023-03-07 18:58:25.066 [info] > git config --get commit.template [20ms]
2023-03-07 18:58:25.067 [info] > git for-each-ref --format=%(refname)%00%(upstream:short)%00%(objectname)%00%(upstream:track)%00%(upstream:remotename)%00%(upstream:remoteref) refs/heads/main refs/remotes/main [3ms]
2023-03-07 18:58:25.087 [info] > git status -z -uall [2ms]
2023-03-07 18:58:32.822 [info] > git show --textconv :yayo-6125.md [312ms]
2023-03-07 18:58:32.823 [info] > git ls-files --stage -- /home/gerardov7/Code/semana-1/yayo-6125.md [296ms]
