2023-03-07 18:57:22.225 [info] Extension host with pid 2720 started
2023-03-07 18:57:22.232 [error] Error: EEXIST: file already exists, open '/home/gerardov7/.vscode-server/data/User/workspaceStorage/c743c751b058745f280b7d02abf262ca/vscode.lock'
2023-03-07 18:57:22.259 [info] Lock '/home/gerardov7/.vscode-server/data/User/workspaceStorage/c743c751b058745f280b7d02abf262ca/vscode.lock': Could not acquire lock, checking if the file is stale.
2023-03-07 18:57:22.307 [info] Lock '/home/gerardov7/.vscode-server/data/User/workspaceStorage/c743c751b058745f280b7d02abf262ca/vscode.lock': The lock does not look stale, elapsed: 459 ms, giving up.
2023-03-07 18:57:22.555 [info] Lock '/home/gerardov7/.vscode-server/data/User/workspaceStorage/c743c751b058745f280b7d02abf262ca-1/vscode.lock': Lock acquired.
2023-03-07 18:57:23.551 [info] ExtensionService#_doActivateExtension vscode.emmet, startup: false, activationEvent: 'onLanguage'
2023-03-07 18:57:23.555 [info] ExtensionService#_doActivateExtension vscode.git-base, startup: true, activationEvent: '*', root cause: vscode.git
2023-03-07 18:57:24.531 [info] ExtensionService#_doActivateExtension vscode.git, startup: true, activationEvent: '*'
2023-03-07 18:57:24.532 [info] ExtensionService#_doActivateExtension vscode.github, startup: true, activationEvent: '*'
2023-03-07 18:57:25.462 [info] Eager extensions activated
2023-03-07 18:57:25.463 [info] ExtensionService#_doActivateExtension vscode.debug-auto-launch, startup: false, activationEvent: 'onStartupFinished'
2023-03-07 18:57:25.465 [info] ExtensionService#_doActivateExtension vscode.merge-conflict, startup: false, activationEvent: 'onStartupFinished'
2023-03-07 18:57:25.561 [warning] Using default string since no string found in i18n bundle that has the key: Git local working changes
2023-03-07 18:57:25.562 [warning] Using default string since no string found in i18n bundle that has the key: Git local working changes
2023-03-07 18:58:32.119 [info] ExtensionService#_doActivateExtension vscode.extension-editing, startup: false, activationEvent: 'onLanguage:markdown'
2023-03-07 18:58:32.120 [info] ExtensionService#_doActivateExtension vscode.markdown-language-features, startup: false, activationEvent: 'onLanguage:markdown'
2023-03-07 18:58:33.231 [info] ExtensionService#_doActivateExtension vscode.markdown-math, startup: false, activationEvent: 'api', root cause: vscode.markdown-language-features
2023-03-07 20:24:22.513 [info] Extension host terminating: received terminate message from renderer
2023-03-07 20:24:22.515 [info] Lock '/home/gerardov7/.vscode-server/data/User/workspaceStorage/c743c751b058745f280b7d02abf262ca-1/vscode.lock': Marking the lockfile as scheduled to be released in 6000 ms.
2023-03-07 20:24:22.575 [error] Canceled: Canceled
	at new a (/home/gerardov7/.vscode-server/bin/92da9481c0904c6adfe372c12da3b7748d74bdcb/out/vs/workbench/api/node/extensionHostProcess.js:96:88793)
	at c.O (/home/gerardov7/.vscode-server/bin/92da9481c0904c6adfe372c12da3b7748d74bdcb/out/vs/workbench/api/node/extensionHostProcess.js:106:11260)
	at Proxy.V.<computed>.Q.charCodeAt.V.<computed> (/home/gerardov7/.vscode-server/bin/92da9481c0904c6adfe372c12da3b7748d74bdcb/out/vs/workbench/api/node/extensionHostProcess.js:106:8550)
	at l.g (/home/gerardov7/.vscode-server/bin/92da9481c0904c6adfe372c12da3b7748d74bdcb/out/vs/workbench/api/node/extensionHostProcess.js:96:108198)
	at l.executeCommand (/home/gerardov7/.vscode-server/bin/92da9481c0904c6adfe372c12da3b7748d74bdcb/out/vs/workbench/api/node/extensionHostProcess.js:96:107574)
	at O.registerCommand.description (/home/gerardov7/.vscode-server/bin/92da9481c0904c6adfe372c12da3b7748d74bdcb/out/vs/workbench/api/node/extensionHostProcess.js:96:106867)
	at l.h (/home/gerardov7/.vscode-server/bin/92da9481c0904c6adfe372c12da3b7748d74bdcb/out/vs/workbench/api/node/extensionHostProcess.js:96:108784)
	at l.g (/home/gerardov7/.vscode-server/bin/92da9481c0904c6adfe372c12da3b7748d74bdcb/out/vs/workbench/api/node/extensionHostProcess.js:96:107674)
	at l.executeCommand (/home/gerardov7/.vscode-server/bin/92da9481c0904c6adfe372c12da3b7748d74bdcb/out/vs/workbench/api/node/extensionHostProcess.js:96:107574)
	at Object.executeCommand (/home/gerardov7/.vscode-server/bin/92da9481c0904c6adfe372c12da3b7748d74bdcb/out/vs/workbench/api/node/extensionHostProcess.js:117:30781)
	at D (/home/gerardov7/.vscode-server/bin/92da9481c0904c6adfe372c12da3b7748d74bdcb/extensions/git/dist/main.js:2:1467127)
	at f.invoke (/home/gerardov7/.vscode-server/bin/92da9481c0904c6adfe372c12da3b7748d74bdcb/out/vs/workbench/api/node/extensionHostProcess.js:63:145)
	at g.deliver (/home/gerardov7/.vscode-server/bin/92da9481c0904c6adfe372c12da3b7748d74bdcb/out/vs/workbench/api/node/extensionHostProcess.js:63:2066)
	at h.fire (/home/gerardov7/.vscode-server/bin/92da9481c0904c6adfe372c12da3b7748d74bdcb/out/vs/workbench/api/node/extensionHostProcess.js:63:1704)
	at Object.m [as dispose] (/home/gerardov7/.vscode-server/bin/92da9481c0904c6adfe372c12da3b7748d74bdcb/extensions/git/dist/main.js:2:1481856)
	at /home/gerardov7/.vscode-server/bin/92da9481c0904c6adfe372c12da3b7748d74bdcb/extensions/git/dist/main.js:2:1485923
	at Array.forEach (<anonymous>)
	at g.dispose (/home/gerardov7/.vscode-server/bin/92da9481c0904c6adfe372c12da3b7748d74bdcb/extensions/git/dist/main.js:2:1485909)
	at D.<anonymous> (/home/gerardov7/.vscode-server/bin/92da9481c0904c6adfe372c12da3b7748d74bdcb/out/vs/workbench/api/node/extensionHostProcess.js:94:12431)
	at D.dispose (/home/gerardov7/.vscode-server/bin/92da9481c0904c6adfe372c12da3b7748d74bdcb/out/vs/workbench/api/node/extensionHostProcess.js:94:12566)
	at D.<anonymous> (/home/gerardov7/.vscode-server/bin/92da9481c0904c6adfe372c12da3b7748d74bdcb/extensions/git/dist/main.js:2:1469257)
	at D.dispose (/home/gerardov7/.vscode-server/bin/92da9481c0904c6adfe372c12da3b7748d74bdcb/out/vs/workbench/api/node/extensionHostProcess.js:94:12566)
	at k (/home/gerardov7/.vscode-server/bin/92da9481c0904c6adfe372c12da3b7748d74bdcb/out/vs/workbench/api/node/extensionHostProcess.js:10:12074)
	at f.X (/home/gerardov7/.vscode-server/bin/92da9481c0904c6adfe372c12da3b7748d74bdcb/out/vs/workbench/api/node/extensionHostProcess.js:108:11284)
	at /home/gerardov7/.vscode-server/bin/92da9481c0904c6adfe372c12da3b7748d74bdcb/out/vs/workbench/api/node/extensionHostProcess.js:108:9088
	at Array.map (<anonymous>)
	at f.Q (/home/gerardov7/.vscode-server/bin/92da9481c0904c6adfe372c12da3b7748d74bdcb/out/vs/workbench/api/node/extensionHostProcess.js:108:9075)
	at f.terminate (/home/gerardov7/.vscode-server/bin/92da9481c0904c6adfe372c12da3b7748d74bdcb/out/vs/workbench/api/node/extensionHostProcess.js:108:9347)
	at u.terminate (/home/gerardov7/.vscode-server/bin/92da9481c0904c6adfe372c12da3b7748d74bdcb/out/vs/workbench/api/node/extensionHostProcess.js:112:1397)
	at p (/home/gerardov7/.vscode-server/bin/92da9481c0904c6adfe372c12da3b7748d74bdcb/out/vs/workbench/api/node/extensionHostProcess.js:122:18592)
	at /home/gerardov7/.vscode-server/bin/92da9481c0904c6adfe372c12da3b7748d74bdcb/out/vs/workbench/api/node/extensionHostProcess.js:122:16502
	at f.invoke (/home/gerardov7/.vscode-server/bin/92da9481c0904c6adfe372c12da3b7748d74bdcb/out/vs/workbench/api/node/extensionHostProcess.js:63:145)
	at g.deliver (/home/gerardov7/.vscode-server/bin/92da9481c0904c6adfe372c12da3b7748d74bdcb/out/vs/workbench/api/node/extensionHostProcess.js:63:2066)
	at h.fire (/home/gerardov7/.vscode-server/bin/92da9481c0904c6adfe372c12da3b7748d74bdcb/out/vs/workbench/api/node/extensionHostProcess.js:63:1704)
	at p.fire (/home/gerardov7/.vscode-server/bin/92da9481c0904c6adfe372c12da3b7748d74bdcb/out/vs/workbench/api/node/extensionHostProcess.js:72:14907)
	at t.E (/home/gerardov7/.vscode-server/bin/92da9481c0904c6adfe372c12da3b7748d74bdcb/out/vs/workbench/api/node/extensionHostProcess.js:72:18973)
	at /home/gerardov7/.vscode-server/bin/92da9481c0904c6adfe372c12da3b7748d74bdcb/out/vs/workbench/api/node/extensionHostProcess.js:72:18152
	at f.invoke (/home/gerardov7/.vscode-server/bin/92da9481c0904c6adfe372c12da3b7748d74bdcb/out/vs/workbench/api/node/extensionHostProcess.js:63:145)
	at g.deliver (/home/gerardov7/.vscode-server/bin/92da9481c0904c6adfe372c12da3b7748d74bdcb/out/vs/workbench/api/node/extensionHostProcess.js:63:2066)
	at h.fire (/home/gerardov7/.vscode-server/bin/92da9481c0904c6adfe372c12da3b7748d74bdcb/out/vs/workbench/api/node/extensionHostProcess.js:63:1704)
	at u.acceptChunk (/home/gerardov7/.vscode-server/bin/92da9481c0904c6adfe372c12da3b7748d74bdcb/out/vs/workbench/api/node/extensionHostProcess.js:72:12638)
	at /home/gerardov7/.vscode-server/bin/92da9481c0904c6adfe372c12da3b7748d74bdcb/out/vs/workbench/api/node/extensionHostProcess.js:72:11925
	at f.invoke (/home/gerardov7/.vscode-server/bin/92da9481c0904c6adfe372c12da3b7748d74bdcb/out/vs/workbench/api/node/extensionHostProcess.js:63:145)
	at g.deliver (/home/gerardov7/.vscode-server/bin/92da9481c0904c6adfe372c12da3b7748d74bdcb/out/vs/workbench/api/node/extensionHostProcess.js:63:2066)
	at h.fire (/home/gerardov7/.vscode-server/bin/92da9481c0904c6adfe372c12da3b7748d74bdcb/out/vs/workbench/api/node/extensionHostProcess.js:63:1704)
	at h.u (/home/gerardov7/.vscode-server/bin/92da9481c0904c6adfe372c12da3b7748d74bdcb/out/vs/workbench/api/node/extensionHostProcess.js:72:28911)
	at h.acceptFrame (/home/gerardov7/.vscode-server/bin/92da9481c0904c6adfe372c12da3b7748d74bdcb/out/vs/workbench/api/node/extensionHostProcess.js:72:28717)
	at f.l (/home/gerardov7/.vscode-server/bin/92da9481c0904c6adfe372c12da3b7748d74bdcb/out/vs/workbench/api/node/extensionHostProcess.js:72:27304)
	at /home/gerardov7/.vscode-server/bin/92da9481c0904c6adfe372c12da3b7748d74bdcb/out/vs/workbench/api/node/extensionHostProcess.js:72:24627
	at Socket.t (/home/gerardov7/.vscode-server/bin/92da9481c0904c6adfe372c12da3b7748d74bdcb/out/vs/workbench/api/node/extensionHostProcess.js:72:22461)
	at Socket.emit (node:events:526:28)
	at addChunk (node:internal/streams/readable:315:12)
	at readableAddChunk (node:internal/streams/readable:289:9)
	at Socket.Readable.push (node:internal/streams/readable:228:10)
	at TCP.onStreamRead (node:internal/stream_base_commons:190:23) setContext undefined
2023-03-07 20:24:22.576 [info] Extension host with pid 2720 exiting with code 0
